<?xml version="1.0" encoding="UTF-8"?>
<testsuite name="Gradle Test Run :test" tests="1" skipped="0" failures="0" errors="0" timestamp="2026-06-10T03:24:39.428Z" hostname="DESKTOP-KH2LJNG" time="24.712">
  <properties/>
  <testcase name="HappyPathRunnerTest" classname="Gradle Test Run :test" time="0.028"/>
  <system-out><![CDATA[]]></system-out>
  <system-err><![CDATA[[Test worker] INFO  - 

-------------------------------------------------------------------------------------
     _______. _______ .______       _______ .__   __.  __  .___________.____    ____ 
    /       ||   ____||   _  \     |   ____||  \ |  | |  | |           |\   \  /   / 
   |   (----`|  |__   |  |_)  |    |  |__   |   \|  | |  | `---|  |----` \   \/   /  
    \   \    |   __|  |      /     |   __|  |  . `  | |  |     |  |       \_    _/   
.----)   |   |  |____ |  |\  \----.|  |____ |  |\   | |  |     |  |         |  |     
|_______/    |_______|| _| `._____||_______||__| \__| |__|     |__|         |__|    
                                                                                     
 News and tutorials at https://serenity-bdd.info                                     
 Documentation at https://serenity-bdd.github.io                                     
 Test Automation Training and Coaching: https://www.serenity-dojo.com                
 Commercial Support: https://www.serenity-dojo.com/serenity-bdd-enterprise-support   
 Join the Serenity Community on Gitter: https://gitter.im/serenity-bdd/serenity-core 
-------------------------------------------------------------------------------------

[Test worker] INFO  - Test Suite Started: Group Management
[Test worker] INFO  - Test Suite Started: Join Group by Code
[Test worker] INFO  - Test Suite Started: User Login
[Test worker] INFO  - Test Suite Started: User Registration
[Test worker] INFO  - Test Suite Started: Task Creation
[Test worker] INFO  - Test Suite Started: Task Status Change
[Test worker] INFO  - Test Suite Started: User Login
[Test worker] INFO  - Test Suite Started: User Registration
[Test worker] INFO  - Test Suite Started: Group Management
[Test worker] INFO  - Test Suite Started: Join Group by Code
[Test worker] INFO  - Test Suite Started: User Login
[Test worker] INFO  - Test Suite Started: User Registration
[Test worker] INFO  - Test Suite Started: Task Creation
[Test worker] INFO  - Test Suite Started: Task Status Change
]]></system-err>
</testsuite>
